{"file":"main.go: 19","func":"main.main()","level":"fatal","msg":"error initializing env value: open .env: The system cannot find the file specified."}
{"file":"postgres.go: 35","func":"feedback/internal/database.NewPostgresGorm()","level":"info","msg":"Postgres Connection success:  localhost"}
{"file":"errResponse.go: 10","func":"feedback/internal/delivery/http/handlers.NewErrorResponse()","level":"error","msg":"internal error"}
{"file":"postgres.go: 35","func":"feedback/internal/database.NewPostgresGorm()","level":"info","msg":"Postgres Connection success:  localhost"}
{"file":"errResponse.go: 10","func":"feedback/internal/delivery/http/handlers.NewErrorResponse()","level":"error","msg":"internal error"}
{"file":"postgres.go: 35","func":"feedback/internal/database.NewPostgresGorm()","level":"info","msg":"Postgres Connection success:  localhost"}
{"file":"errResponse.go: 10","func":"feedback/internal/delivery/http/handlers.NewErrorResponse()","level":"error","msg":"internal error"}
{"file":"errResponse.go: 10","func":"feedback/internal/delivery/http/handlers.NewErrorResponse()","level":"error","msg":"internal error"}
{"file":"errResponse.go: 10","func":"feedback/internal/delivery/http/handlers.NewErrorResponse()","level":"error","msg":"internal error"}
{"file":"postgres.go: 35","func":"feedback/internal/database.NewPostgresGorm()","level":"info","msg":"Postgres Connection success:  localhost"}
{"file":"errResponse.go: 10","func":"feedback/internal/delivery/http/handlers.NewErrorResponse()","level":"error","msg":"internal error"}
{"file":"errResponse.go: 10","func":"feedback/internal/delivery/http/handlers.NewErrorResponse()","level":"error","msg":"internal error"}
{"file":"postgres.go: 35","func":"feedback/internal/database.NewPostgresGorm()","level":"info","msg":"Postgres Connection success:  localhost"}
{"file":"feedbackService.go: 47","func":"feedback/internal/service.(*FeedbackService).SaveImage()","level":"info","msg":"open D:\\images\\a31844ec-59e0-48c4-a1c3-b00a47721a72.jpg: The system cannot find the path specified."}
{"file":"errResponse.go: 10","func":"feedback/internal/delivery/http/handlers.NewErrorResponse()","level":"error","msg":"open D:\\images\\a31844ec-59e0-48c4-a1c3-b00a47721a72.jpg: The system cannot find the path specified."}
{"file":"postgres.go: 35","func":"feedback/internal/database.NewPostgresGorm()","level":"info","msg":"Postgres Connection success:  localhost"}
{"file":"postgres.go: 35","func":"feedback/internal/database.NewPostgresGorm()","level":"info","msg":"Postgres Connection success:  localhost"}
{"file":"postgres.go: 35","func":"feedback/internal/database.NewPostgresGorm()","level":"info","msg":"Postgres Connection success:  localhost"}
{"file":"postgres.go: 35","func":"feedback/internal/database.NewPostgresGorm()","level":"info","msg":"Postgres Connection success:  localhost"}
{"file":"errResponse.go: 10","func":"feedback/internal/delivery/http/handlers.NewErrorResponse()","level":"error","msg":"internal error"}
{"file":"postgres.go: 35","func":"feedback/internal/database.NewPostgresGorm()","level":"info","msg":"Postgres Connection success:  localhost"}
{"file":"errResponse.go: 10","func":"feedback/internal/delivery/http/handlers.NewErrorResponse()","level":"error","msg":"internal error"}
{"file":"postgres.go: 35","func":"feedback/internal/database.NewPostgresGorm()","level":"info","msg":"Postgres Connection success:  localhost"}
{"file":"errResponse.go: 10","func":"feedback/internal/delivery/http/handlers.NewErrorResponse()","level":"error","msg":"internal error"}
{"file":"postgres.go: 35","func":"feedback/internal/database.NewPostgresGorm()","level":"info","msg":"Postgres Connection success:  localhost"}
{"file":"postgres.go: 35","func":"feedback/internal/database.NewPostgresGorm()","level":"info","msg":"Postgres Connection success:  localhost"}
{"file":"errResponse.go: 10","func":"feedback/internal/delivery/http/handlers.NewErrorResponse()","level":"error","msg":"internal error"}
{"file":"postgres.go: 35","func":"feedback/internal/database.NewPostgresGorm()","level":"info","msg":"Postgres Connection success:  localhost"}
{"file":"postgres.go: 35","func":"feedback/internal/database.NewPostgresGorm()","level":"info","msg":"Postgres Connection success:  localhost"}
{"file":"errResponse.go: 10","func":"feedback/internal/delivery/http/handlers.NewErrorResponse()","level":"error","msg":"internal error"}
{"file":"errResponse.go: 10","func":"feedback/internal/delivery/http/handlers.NewErrorResponse()","level":"error","msg":"internal error"}
{"file":"postgres.go: 35","func":"feedback/internal/database.NewPostgresGorm()","level":"info","msg":"Postgres Connection success:  localhost"}
{"file":"postgres.go: 35","func":"feedback/internal/database.NewPostgresGorm()","level":"info","msg":"Postgres Connection success:  localhost"}
{"file":"errResponse.go: 10","func":"feedback/internal/delivery/http/handlers.NewErrorResponse()","level":"error","msg":"internal error"}
{"file":"postgres.go: 35","func":"feedback/internal/database.NewPostgresGorm()","level":"info","msg":"Postgres Connection success:  localhost"}
{"file":"errResponse.go: 10","func":"feedback/internal/delivery/http/handlers.NewErrorResponse()","level":"error","msg":"internal error"}
{"file":"postgres.go: 35","func":"feedback/internal/database.NewPostgresGorm()","level":"info","msg":"Postgres Connection success:  localhost"}
{"file":"postgres.go: 35","func":"feedback/internal/database.NewPostgresGorm()","level":"info","msg":"Postgres Connection success:  localhost"}
{"file":"postgres.go: 35","func":"feedback/internal/database.NewPostgresGorm()","level":"info","msg":"Postgres Connection success:  localhost"}
{"file":"errResponse.go: 10","func":"feedback/internal/delivery/http/handlers.NewErrorResponse()","level":"error","msg":"internal error"}
{"file":"postgres.go: 35","func":"feedback/internal/database.NewPostgresGorm()","level":"info","msg":"Postgres Connection success:  localhost"}
{"file":"errResponse.go: 10","func":"feedback/internal/delivery/http/handlers.NewErrorResponse()","level":"error","msg":"internal error"}
{"file":"errResponse.go: 10","func":"feedback/internal/delivery/http/handlers.NewErrorResponse()","level":"error","msg":"internal error"}
{"file":"errResponse.go: 10","func":"feedback/internal/delivery/http/handlers.NewErrorResponse()","level":"error","msg":"internal error"}
{"file":"postgres.go: 35","func":"feedback/internal/database.NewPostgresGorm()","level":"info","msg":"Postgres Connection success:  localhost"}
{"file":"postgres.go: 35","func":"feedback/internal/database.NewPostgresGorm()","level":"info","msg":"Postgres Connection success:  localhost"}
{"file":"botSystem.go: 32","func":"feedback/internal/botSystem.RunBot()","level":"fatal","msg":"Invalid token: Not Found"}
{"file":"postgres.go: 35","func":"feedback/internal/database.NewPostgresGorm()","level":"info","msg":"Postgres Connection success:  localhost"}
{"file":"botSystem.go: 35","func":"feedback/internal/botSystem.RunBot()","level":"info","msg":"Authorized on account feedback_srv_bot"}
{"file":"postgres.go: 35","func":"feedback/internal/database.NewPostgresGorm()","level":"info","msg":"Postgres Connection success:  localhost"}
{"file":"botSystem.go: 35","func":"feedback/internal/botSystem.RunBot()","level":"info","msg":"Authorized on account feedback_srv_bot"}
{"file":"postgres.go: 35","func":"feedback/internal/database.NewPostgresGorm()","level":"info","msg":"Postgres Connection success:  localhost"}
{"file":"botSystem.go: 35","func":"feedback/internal/botSystem.RunBot()","level":"info","msg":"Authorized on account feedback_srv_bot"}
{"file":"postgres.go: 35","func":"feedback/internal/database.NewPostgresGorm()","level":"info","msg":"Postgres Connection success:  localhost"}
{"file":"botSystem.go: 35","func":"feedback/internal/botSystem.RunBot()","level":"info","msg":"Authorized on account feedback_srv_bot"}
{"file":"postgres.go: 35","func":"feedback/internal/database.NewPostgresGorm()","level":"info","msg":"Postgres Connection success:  localhost"}
{"file":"postgres.go: 38","func":"feedback/internal/database.NewPostgresGorm()","level":"info","msg":"Postgres Connection success:  localhost"}
{"file":"postgres.go: 38","func":"feedback/internal/database.NewPostgresGorm()","level":"info","msg":"Postgres Connection success:  localhost"}
{"file":"postgres.go: 38","func":"feedback/internal/database.NewPostgresGorm()","level":"info","msg":"Postgres Connection success:  localhost"}
{"file":"botSystem.go: 25","func":"feedback/internal/botSystem.RunBot()","level":"info","msg":"Authorized on account feedback_srv_bot"}
{"file":"feedbackPostgres.go: 32","func":"feedback/internal/database.(*FeedbackPostgres).GetCountryCities()","level":"info","msg":"\u0026{0xc00019ccf0 \u003cnil\u003e 2 0xc0001e4a80 0}"}
{"file":"feedbackPostgres.go: 42","func":"feedback/internal/database.(*FeedbackPostgres).CreateFeedback()","level":"info","msg":"ОШИБКА: отношение \"feed_backs\" не существует (SQLSTATE 42P01)"}
{"file":"errResponse.go: 10","func":"feedback/internal/delivery/http/handlers.NewErrorResponse()","level":"error","msg":"internal error"}
{"file":"feedbackPostgres.go: 42","func":"feedback/internal/database.(*FeedbackPostgres).CreateFeedback()","level":"info","msg":"ОШИБКА: отношение \"feed_backs\" не существует (SQLSTATE 42P01)"}
{"file":"errResponse.go: 10","func":"feedback/internal/delivery/http/handlers.NewErrorResponse()","level":"error","msg":"internal error"}
{"file":"postgres.go: 38","func":"feedback/internal/database.NewPostgresGorm()","level":"info","msg":"Postgres Connection success:  localhost"}
{"file":"botSystem.go: 25","func":"feedback/internal/botSystem.RunBot()","level":"info","msg":"Authorized on account feedback_srv_bot"}
{"file":"feedbackPostgres.go: 42","func":"feedback/internal/database.(*FeedbackPostgres).CreateFeedback()","level":"info","msg":"ОШИБКА: отношение \"feed_backs\" не существует (SQLSTATE 42P01)"}
{"file":"errResponse.go: 10","func":"feedback/internal/delivery/http/handlers.NewErrorResponse()","level":"error","msg":"internal error"}
{"file":"postgres.go: 38","func":"feedback/internal/database.NewPostgresGorm()","level":"info","msg":"Postgres Connection success:  localhost"}
{"file":"botSystem.go: 25","func":"feedback/internal/botSystem.RunBot()","level":"info","msg":"Authorized on account feedback_srv_bot"}
{"file":"postgres.go: 38","func":"feedback/internal/database.NewPostgresGorm()","level":"info","msg":"Postgres Connection success:  localhost"}
{"file":"botSystem.go: 25","func":"feedback/internal/botSystem.RunBot()","level":"info","msg":"Authorized on account feedback_srv_bot"}
{"file":"postgres.go: 38","func":"feedback/internal/database.NewPostgresGorm()","level":"info","msg":"Postgres Connection success:  localhost"}
{"file":"botSystem.go: 25","func":"feedback/internal/botSystem.RunBot()","level":"info","msg":"Authorized on account feedback_srv_bot"}
{"file":"postgres.go: 38","func":"feedback/internal/database.NewPostgresGorm()","level":"info","msg":"Postgres Connection success:  localhost"}
{"file":"botSystem.go: 26","func":"feedback/internal/botSystem.RunBot()","level":"info","msg":"Authorized on account feedback_srv_bot"}
{"file":"postgres.go: 38","func":"feedback/internal/database.NewPostgresGorm()","level":"info","msg":"Postgres Connection success:  localhost"}
{"file":"botSystem.go: 26","func":"feedback/internal/botSystem.RunBot()","level":"info","msg":"Authorized on account feedback_srv_bot"}
{"file":"postgres.go: 38","func":"feedback/internal/database.NewPostgresGorm()","level":"info","msg":"Postgres Connection success:  localhost"}
{"file":"botSystem.go: 26","func":"feedback/internal/botSystem.RunBot()","level":"info","msg":"Authorized on account feedback_srv_bot"}
{"file":"postgres.go: 38","func":"feedback/internal/database.NewPostgresGorm()","level":"info","msg":"Postgres Connection success:  localhost"}
{"file":"botSystem.go: 26","func":"feedback/internal/botSystem.RunBot()","level":"info","msg":"Authorized on account feedback_srv_bot"}
{"file":"postgres.go: 38","func":"feedback/internal/database.NewPostgresGorm()","level":"info","msg":"Postgres Connection success:  localhost"}
{"file":"botSystem.go: 26","func":"feedback/internal/botSystem.RunBot()","level":"info","msg":"Authorized on account feedback_srv_bot"}
{"file":"botPostgres.go: 18","func":"feedback/internal/database.(*BotPostgres).UpdateFeedbackStatus()","level":"info","msg":"\u0026{0xc0001a8750 WHERE conditions required 0 0xc0001eefc0 0}"}
{"file":"botLogicCommands.go: 24","func":"feedback/internal/botSystem.BotLogicCommands()","level":"info","msg":"WHERE conditions required"}
{"file":"postgres.go: 38","func":"feedback/internal/database.NewPostgresGorm()","level":"info","msg":"Postgres Connection success:  localhost"}
{"file":"botSystem.go: 25","func":"feedback/internal/botSystem.RunBot()","level":"info","msg":"Authorized on account feedback_srv_bot"}
{"file":"errResponse.go: 10","func":"feedback/internal/delivery/http/handlers.NewErrorResponse()","level":"error","msg":"bad request"}
{"file":"postgres.go: 38","func":"feedback/internal/database.NewPostgresGorm()","level":"info","msg":"Postgres Connection success:  localhost"}
{"file":"botSystem.go: 25","func":"feedback/internal/botSystem.RunBot()","level":"info","msg":"Authorized on account feedback_srv_bot"}
{"file":"errResponse.go: 10","func":"feedback/internal/delivery/http/handlers.NewErrorResponse()","level":"error","msg":"bad request"}
{"file":"postgres.go: 38","func":"feedback/internal/database.NewPostgresGorm()","level":"info","msg":"Postgres Connection success:  localhost"}
{"file":"botSystem.go: 25","func":"feedback/internal/botSystem.RunBot()","level":"info","msg":"Authorized on account feedback_srv_bot"}
{"file":"feedback.go: 70","func":"feedback/internal/delivery/http/handlers.(*Handler).CreateFeedback()","level":"info","msg":"http: multipart handled by ParseMultipartForm"}
{"file":"errResponse.go: 10","func":"feedback/internal/delivery/http/handlers.NewErrorResponse()","level":"info","msg":"bad request"}
{"file":"postgres.go: 38","func":"feedback/internal/database.NewPostgresGorm()","level":"info","msg":"Postgres Connection success:  localhost"}
{"file":"botSystem.go: 22","func":"feedback/internal/botSystem.RunBot()","level":"fatal","msg":"Invalid token: Post \"https://api.telegram.org/bot5736734430:AAHaNHHWOjR4qN4Dqsp3X8fQROrM95xjrDw/getMe\": net/http: TLS handshake timeout"}
{"file":"postgres.go: 38","func":"feedback/internal/database.NewPostgresGorm()","level":"info","msg":"Postgres Connection success:  localhost"}
{"file":"botSystem.go: 22","func":"feedback/internal/botSystem.RunBot()","level":"fatal","msg":"Invalid token: Post \"https://api.telegram.org/bot5736734430:AAHaNHHWOjR4qN4Dqsp3X8fQROrM95xjrDw/getMe\": dial tcp 149.154.167.220:443: connectex: An established connection was aborted by the software in your host machine."}
{"file":"postgres.go: 38","func":"feedback/internal/database.NewPostgresGorm()","level":"info","msg":"Postgres Connection success:  localhost"}
{"file":"botSystem.go: 25","func":"feedback/internal/botSystem.RunBot()","level":"info","msg":"Authorized on account feedback_srv_bot"}
{"file":"feedback.go: 70","func":"feedback/internal/delivery/http/handlers.(*Handler).CreateFeedback()","level":"info","msg":"2"}
{"file":"errResponse.go: 10","func":"feedback/internal/delivery/http/handlers.NewErrorResponse()","level":"info","msg":"bad request"}
{"file":"postgres.go: 38","func":"feedback/internal/database.NewPostgresGorm()","level":"info","msg":"Postgres Connection success:  localhost"}
{"file":"botSystem.go: 25","func":"feedback/internal/botSystem.RunBot()","level":"info","msg":"Authorized on account feedback_srv_bot"}
{"file":"feedbackService.go: 53","func":"feedback/internal/service.(*FeedbackService).SaveImage()","level":"info","msg":"strconv.Atoi: parsing \"\": invalid syntax"}
{"file":"feedbackService.go: 53","func":"feedback/internal/service.(*FeedbackService).SaveImage()","level":"info","msg":"strconv.Atoi: parsing \"\": invalid syntax"}
{"file":"feedbackPostgres.go: 42","func":"feedback/internal/database.(*FeedbackPostgres).CreateFeedback()","level":"info","msg":"unsupported data type: \u0026[]: Table not set, please set it like: db.Model(\u0026user) or db.Table(\"users\")"}
{"file":"feedback.go: 82","func":"feedback/internal/delivery/http/handlers.(*Handler).CreateFeedback()","level":"info","msg":"4"}
{"file":"errResponse.go: 10","func":"feedback/internal/delivery/http/handlers.NewErrorResponse()","level":"info","msg":"internal error"}
{"file":"postgres.go: 38","func":"feedback/internal/database.NewPostgresGorm()","level":"info","msg":"Postgres Connection success:  localhost"}
{"file":"botSystem.go: 22","func":"feedback/internal/botSystem.RunBot()","level":"fatal","msg":"Invalid token: Post \"https://api.telegram.org/bot5736734430:AAHaNHHWOjR4qN4Dqsp3X8fQROrM95xjrDw/getMe\": dial tcp: lookup api.telegram.org: no such host"}
{"file":"postgres.go: 38","func":"feedback/internal/database.NewPostgresGorm()","level":"info","msg":"Postgres Connection success:  localhost"}
{"file":"botSystem.go: 25","func":"feedback/internal/botSystem.RunBot()","level":"info","msg":"Authorized on account feedback_srv_bot"}
{"file":"feedbackService.go: 55","func":"feedback/internal/service.(*FeedbackService).SaveImage()","level":"info","msg":"strconv.Atoi: parsing \"\": invalid syntax"}
{"file":"feedbackService.go: 55","func":"feedback/internal/service.(*FeedbackService).SaveImage()","level":"info","msg":"strconv.Atoi: parsing \"\": invalid syntax"}
{"file":"feedbackPostgres.go: 42","func":"feedback/internal/database.(*FeedbackPostgres).CreateFeedback()","level":"info","msg":"unsupported data type: \u0026[]: Table not set, please set it like: db.Model(\u0026user) or db.Table(\"users\")"}
{"file":"feedback.go: 82","func":"feedback/internal/delivery/http/handlers.(*Handler).CreateFeedback()","level":"info","msg":"4"}
{"file":"errResponse.go: 10","func":"feedback/internal/delivery/http/handlers.NewErrorResponse()","level":"info","msg":"internal error"}
{"file":"postgres.go: 38","func":"feedback/internal/database.NewPostgresGorm()","level":"info","msg":"Postgres Connection success:  localhost"}
{"file":"botSystem.go: 25","func":"feedback/internal/botSystem.RunBot()","level":"info","msg":"Authorized on account feedback_srv_bot"}
{"file":"postgres.go: 38","func":"feedback/internal/database.NewPostgresGorm()","level":"info","msg":"Postgres Connection success:  localhost"}
{"file":"botSystem.go: 25","func":"feedback/internal/botSystem.RunBot()","level":"info","msg":"Authorized on account feedback_srv_bot"}
{"file":"postgres.go: 38","func":"feedback/internal/database.NewPostgresGorm()","level":"info","msg":"Postgres Connection success:  localhost"}
{"file":"botSystem.go: 26","func":"feedback/internal/botSystem.RunBot()","level":"info","msg":"Authorized on account feedback_srv_bot"}
{"file":"postgres.go: 38","func":"feedback/internal/database.NewPostgresGorm()","level":"info","msg":"Postgres Connection success:  localhost"}
{"file":"botSystem.go: 26","func":"feedback/internal/botSystem.RunBot()","level":"info","msg":"Authorized on account feedback_srv_bot"}
{"file":"botPostgres.go: 18","func":"feedback/internal/database.(*BotPostgres).UpdateFeedbackStatus()","level":"info","msg":"\u0026{0xc00019c750 WHERE conditions required 0 0xc0002b6e00 0}"}
{"file":"botLogicCommands.go: 24","func":"feedback/internal/botSystem.BotLogicCommands()","level":"info","msg":"WHERE conditions required"}
{"file":"postgres.go: 38","func":"feedback/internal/database.NewPostgresGorm()","level":"info","msg":"Postgres Connection success:  localhost"}
{"file":"botSystem.go: 26","func":"feedback/internal/botSystem.RunBot()","level":"info","msg":"Authorized on account feedback_srv_bot"}
{"file":"postgres.go: 38","func":"feedback/internal/database.NewPostgresGorm()","level":"info","msg":"Postgres Connection success:  localhost"}
{"file":"botSystem.go: 26","func":"feedback/internal/botSystem.RunBot()","level":"info","msg":"Authorized on account feedback_srv_bot"}
{"file":"postgres.go: 38","func":"feedback/internal/database.NewPostgresGorm()","level":"info","msg":"Postgres Connection success:  localhost"}
{"file":"botSystem.go: 26","func":"feedback/internal/botSystem.RunBot()","level":"info","msg":"Authorized on account feedback_srv_bot"}
{"file":"feedbackPostgres.go: 42","func":"feedback/internal/database.(*FeedbackPostgres).CreateFeedback()","level":"info","msg":"ОШИБКА: столбец \"photo\" имеет тип text[], а выражение - record (SQLSTATE 42804)"}
{"file":"feedback.go: 77","func":"feedback/internal/delivery/http/handlers.(*Handler).CreateFeedback()","level":"info","msg":"ОШИБКА: столбец \"photo\" имеет тип text[], а выражение - record (SQLSTATE 42804)"}
{"file":"errResponse.go: 10","func":"feedback/internal/delivery/http/handlers.NewErrorResponse()","level":"info","msg":"internal error"}
{"file":"postgres.go: 38","func":"feedback/internal/database.NewPostgresGorm()","level":"info","msg":"Postgres Connection success:  localhost"}
{"file":"botSystem.go: 26","func":"feedback/internal/botSystem.RunBot()","level":"info","msg":"Authorized on account feedback_srv_bot"}
{"file":"feedbackPostgres.go: 42","func":"feedback/internal/database.(*FeedbackPostgres).CreateFeedback()","level":"info","msg":"ОШИБКА: столбец \"photo\" имеет тип text[], а выражение - record (SQLSTATE 42804)"}
{"file":"feedback.go: 77","func":"feedback/internal/delivery/http/handlers.(*Handler).CreateFeedback()","level":"info","msg":"ОШИБКА: столбец \"photo\" имеет тип text[], а выражение - record (SQLSTATE 42804)"}
{"file":"errResponse.go: 10","func":"feedback/internal/delivery/http/handlers.NewErrorResponse()","level":"info","msg":"internal error"}
{"file":"postgres.go: 38","func":"feedback/internal/database.NewPostgresGorm()","level":"info","msg":"Postgres Connection success:  localhost"}
{"file":"botSystem.go: 26","func":"feedback/internal/botSystem.RunBot()","level":"info","msg":"Authorized on account feedback_srv_bot"}
{"file":"postgres.go: 38","func":"feedback/internal/database.NewPostgresGorm()","level":"info","msg":"Postgres Connection success:  localhost"}
{"file":"botSystem.go: 26","func":"feedback/internal/botSystem.RunBot()","level":"info","msg":"Authorized on account feedback_srv_bot"}
{"file":"feedbackPostgres.go: 42","func":"feedback/internal/database.(*FeedbackPostgres).CreateFeedback()","level":"info","msg":"ОШИБКА: столбец \"photo\" имеет тип text[], а выражение - record (SQLSTATE 42804)"}
{"file":"feedback.go: 77","func":"feedback/internal/delivery/http/handlers.(*Handler).CreateFeedback()","level":"info","msg":"ОШИБКА: столбец \"photo\" имеет тип text[], а выражение - record (SQLSTATE 42804)"}
{"file":"errResponse.go: 10","func":"feedback/internal/delivery/http/handlers.NewErrorResponse()","level":"info","msg":"internal error"}
{"file":"postgres.go: 38","func":"feedback/internal/database.NewPostgresGorm()","level":"info","msg":"Postgres Connection success:  localhost"}
{"file":"botSystem.go: 26","func":"feedback/internal/botSystem.RunBot()","level":"info","msg":"Authorized on account feedback_srv_bot"}
{"file":"feedbackPostgres.go: 42","func":"feedback/internal/database.(*FeedbackPostgres).CreateFeedback()","level":"info","msg":"ОШИБКА: столбец \"photo\" имеет тип text[], а выражение - record (SQLSTATE 42804)"}
{"file":"feedback.go: 77","func":"feedback/internal/delivery/http/handlers.(*Handler).CreateFeedback()","level":"info","msg":"ОШИБКА: столбец \"photo\" имеет тип text[], а выражение - record (SQLSTATE 42804)"}
{"file":"errResponse.go: 10","func":"feedback/internal/delivery/http/handlers.NewErrorResponse()","level":"info","msg":"internal error"}
{"file":"postgres.go: 38","func":"feedback/internal/database.NewPostgresGorm()","level":"info","msg":"Postgres Connection success:  localhost"}
{"file":"botSystem.go: 26","func":"feedback/internal/botSystem.RunBot()","level":"info","msg":"Authorized on account feedback_srv_bot"}
{"file":"feedbackPostgres.go: 42","func":"feedback/internal/database.(*FeedbackPostgres).CreateFeedback()","level":"info","msg":"ОШИБКА: столбец \"photo\" имеет тип text[], а выражение - record (SQLSTATE 42804)"}
{"file":"feedback.go: 77","func":"feedback/internal/delivery/http/handlers.(*Handler).CreateFeedback()","level":"info","msg":"ОШИБКА: столбец \"photo\" имеет тип text[], а выражение - record (SQLSTATE 42804)"}
{"file":"errResponse.go: 10","func":"feedback/internal/delivery/http/handlers.NewErrorResponse()","level":"info","msg":"internal error"}
{"file":"postgres.go: 38","func":"feedback/internal/database.NewPostgresGorm()","level":"info","msg":"Postgres Connection success:  localhost"}
{"file":"botSystem.go: 26","func":"feedback/internal/botSystem.RunBot()","level":"info","msg":"Authorized on account feedback_srv_bot"}
{"file":"feedbackPostgres.go: 42","func":"feedback/internal/database.(*FeedbackPostgres).CreateFeedback()","level":"info","msg":"ОШИБКА: столбец \"photo\" имеет тип text[], а выражение - record (SQLSTATE 42804)"}
{"file":"feedback.go: 77","func":"feedback/internal/delivery/http/handlers.(*Handler).CreateFeedback()","level":"info","msg":"ОШИБКА: столбец \"photo\" имеет тип text[], а выражение - record (SQLSTATE 42804)"}
{"file":"errResponse.go: 10","func":"feedback/internal/delivery/http/handlers.NewErrorResponse()","level":"info","msg":"internal error"}
{"file":"feedbackPostgres.go: 42","func":"feedback/internal/database.(*FeedbackPostgres).CreateFeedback()","level":"info","msg":"ОШИБКА: столбец \"photo\" имеет тип text[], а выражение - record (SQLSTATE 42804)"}
{"file":"feedback.go: 77","func":"feedback/internal/delivery/http/handlers.(*Handler).CreateFeedback()","level":"info","msg":"ОШИБКА: столбец \"photo\" имеет тип text[], а выражение - record (SQLSTATE 42804)"}
{"file":"errResponse.go: 10","func":"feedback/internal/delivery/http/handlers.NewErrorResponse()","level":"info","msg":"internal error"}
{"file":"postgres.go: 38","func":"feedback/internal/database.NewPostgresGorm()","level":"info","msg":"Postgres Connection success:  localhost"}
{"file":"botSystem.go: 26","func":"feedback/internal/botSystem.RunBot()","level":"info","msg":"Authorized on account feedback_srv_bot"}
{"file":"postgres.go: 38","func":"feedback/internal/database.NewPostgresGorm()","level":"info","msg":"Postgres Connection success:  localhost"}
{"file":"botSystem.go: 26","func":"feedback/internal/botSystem.RunBot()","level":"info","msg":"Authorized on account feedback_srv_bot"}
{"file":"postgres.go: 38","func":"feedback/internal/database.NewPostgresGorm()","level":"info","msg":"Postgres Connection success:  localhost"}
{"file":"botSystem.go: 26","func":"feedback/internal/botSystem.RunBot()","level":"info","msg":"Authorized on account feedback_srv_bot"}
{"file":"feedbackPostgres.go: 42","func":"feedback/internal/database.(*FeedbackPostgres).CreateFeedback()","level":"info","msg":"ОШИБКА: столбец \"photo\" имеет тип text[], а выражение - record (SQLSTATE 42804)"}
{"file":"feedback.go: 77","func":"feedback/internal/delivery/http/handlers.(*Handler).CreateFeedback()","level":"info","msg":"ОШИБКА: столбец \"photo\" имеет тип text[], а выражение - record (SQLSTATE 42804)"}
{"file":"errResponse.go: 10","func":"feedback/internal/delivery/http/handlers.NewErrorResponse()","level":"info","msg":"internal error"}
{"file":"postgres.go: 38","func":"feedback/internal/database.NewPostgresGorm()","level":"info","msg":"Postgres Connection success:  localhost"}
{"file":"botSystem.go: 26","func":"feedback/internal/botSystem.RunBot()","level":"info","msg":"Authorized on account feedback_srv_bot"}
{"file":"feedbackPostgres.go: 42","func":"feedback/internal/database.(*FeedbackPostgres).CreateFeedback()","level":"info","msg":"ОШИБКА: столбец \"photo\" имеет тип text[], а выражение - record (SQLSTATE 42804)"}
{"file":"feedback.go: 77","func":"feedback/internal/delivery/http/handlers.(*Handler).CreateFeedback()","level":"info","msg":"ОШИБКА: столбец \"photo\" имеет тип text[], а выражение - record (SQLSTATE 42804)"}
{"file":"errResponse.go: 10","func":"feedback/internal/delivery/http/handlers.NewErrorResponse()","level":"info","msg":"internal error"}
{"file":"postgres.go: 38","func":"feedback/internal/database.NewPostgresGorm()","level":"info","msg":"Postgres Connection success:  localhost"}
{"file":"botSystem.go: 26","func":"feedback/internal/botSystem.RunBot()","level":"info","msg":"Authorized on account feedback_srv_bot"}
{"file":"feedbackPostgres.go: 42","func":"feedback/internal/database.(*FeedbackPostgres).CreateFeedback()","level":"info","msg":"ОШИБКА: столбец \"photo\" имеет тип text[], а выражение - record (SQLSTATE 42804)"}
{"file":"feedback.go: 77","func":"feedback/internal/delivery/http/handlers.(*Handler).CreateFeedback()","level":"info","msg":"ОШИБКА: столбец \"photo\" имеет тип text[], а выражение - record (SQLSTATE 42804)"}
{"file":"errResponse.go: 10","func":"feedback/internal/delivery/http/handlers.NewErrorResponse()","level":"info","msg":"internal error"}
{"file":"postgres.go: 38","func":"feedback/internal/database.NewPostgresGorm()","level":"info","msg":"Postgres Connection success:  localhost"}
{"file":"botSystem.go: 26","func":"feedback/internal/botSystem.RunBot()","level":"info","msg":"Authorized on account feedback_srv_bot"}
{"file":"feedbackPostgres.go: 42","func":"feedback/internal/database.(*FeedbackPostgres).CreateFeedback()","level":"info","msg":"ОШИБКА: столбец \"photo\" имеет тип text[], а выражение - record (SQLSTATE 42804)"}
{"file":"feedback.go: 77","func":"feedback/internal/delivery/http/handlers.(*Handler).CreateFeedback()","level":"info","msg":"ОШИБКА: столбец \"photo\" имеет тип text[], а выражение - record (SQLSTATE 42804)"}
{"file":"errResponse.go: 10","func":"feedback/internal/delivery/http/handlers.NewErrorResponse()","level":"info","msg":"internal error"}
{"file":"feedbackPostgres.go: 42","func":"feedback/internal/database.(*FeedbackPostgres).CreateFeedback()","level":"info","msg":"ОШИБКА: столбец \"photo\" имеет тип character varying[], а выражение - record (SQLSTATE 42804)"}
{"file":"feedback.go: 77","func":"feedback/internal/delivery/http/handlers.(*Handler).CreateFeedback()","level":"info","msg":"ОШИБКА: столбец \"photo\" имеет тип character varying[], а выражение - record (SQLSTATE 42804)"}
{"file":"errResponse.go: 10","func":"feedback/internal/delivery/http/handlers.NewErrorResponse()","level":"info","msg":"internal error"}
{"file":"postgres.go: 38","func":"feedback/internal/database.NewPostgresGorm()","level":"info","msg":"Postgres Connection success:  localhost"}
{"file":"botSystem.go: 26","func":"feedback/internal/botSystem.RunBot()","level":"info","msg":"Authorized on account feedback_srv_bot"}
{"file":"feedbackPostgres.go: 42","func":"feedback/internal/database.(*FeedbackPostgres).CreateFeedback()","level":"info","msg":"ОШИБКА: столбец \"photo\" имеет тип text[], а выражение - record (SQLSTATE 42804)"}
{"file":"feedback.go: 77","func":"feedback/internal/delivery/http/handlers.(*Handler).CreateFeedback()","level":"info","msg":"ОШИБКА: столбец \"photo\" имеет тип text[], а выражение - record (SQLSTATE 42804)"}
{"file":"errResponse.go: 10","func":"feedback/internal/delivery/http/handlers.NewErrorResponse()","level":"info","msg":"internal error"}
{"file":"postgres.go: 38","func":"feedback/internal/database.NewPostgresGorm()","level":"info","msg":"Postgres Connection success:  localhost"}
{"file":"botSystem.go: 26","func":"feedback/internal/botSystem.RunBot()","level":"info","msg":"Authorized on account feedback_srv_bot"}
{"file":"postgres.go: 38","func":"feedback/internal/database.NewPostgresGorm()","level":"info","msg":"Postgres Connection success:  localhost"}
{"file":"botSystem.go: 27","func":"feedback/internal/botSystem.RunBot()","level":"info","msg":"Authorized on account feedback_srv_bot"}
{"file":"feedbackPostgres.go: 32","func":"feedback/internal/database.(*FeedbackPostgres).GetCountryCities()","level":"info","msg":"\u0026{0xc0001a1050 \u003cnil\u003e 2 0xc0001f6fc0 0}"}
{"file":"postgres.go: 38","func":"feedback/internal/database.NewPostgresGorm()","level":"info","msg":"Postgres Connection success:  localhost"}
{"file":"botSystem.go: 28","func":"feedback/internal/botSystem.RunBot()","level":"info","msg":"Authorized on account feedback_srv_bot"}
{"file":"feedbackPostgres.go: 32","func":"feedback/internal/database.(*FeedbackPostgres).GetCountryCities()","level":"info","msg":"\u0026{0xc00019cf30 \u003cnil\u003e 2 0xc0001f4e00 0}"}
{"file":"postgres.go: 38","func":"feedback/internal/database.NewPostgresGorm()","level":"info","msg":"Postgres Connection success:  localhost"}
{"file":"botSystem.go: 28","func":"feedback/internal/botSystem.RunBot()","level":"info","msg":"Authorized on account feedback_srv_bot"}
{"file":"feedbackPostgres.go: 32","func":"feedback/internal/database.(*FeedbackPostgres).GetCountryCities()","level":"info","msg":"\u0026{0xc00006af30 \u003cnil\u003e 2 0xc0002a0c40 0}"}
{"file":"postgres.go: 38","func":"feedback/internal/database.NewPostgresGorm()","level":"info","msg":"Postgres Connection success:  localhost"}
{"file":"botSystem.go: 28","func":"feedback/internal/botSystem.RunBot()","level":"info","msg":"Authorized on account feedback_srv_bot"}
{"file":"botLogicCommands.go: 41","func":"feedback/internal/botSystem.ValidateResponseStatus()","level":"info","msg":"error Atoi func"}
{"file":"botLogicCommands.go: 41","func":"feedback/internal/botSystem.ValidateResponseStatus()","level":"info","msg":"error Atoi func"}
{"file":"postgres.go: 38","func":"feedback/internal/database.NewPostgresGorm()","level":"info","msg":"Postgres Connection success:  localhost"}
{"file":"botSystem.go: 28","func":"feedback/internal/botSystem.RunBot()","level":"info","msg":"Authorized on account feedback_srv_bot"}
{"file":"botLogicCommands.go: 41","func":"feedback/internal/botSystem.ValidateResponseStatus()","level":"info","msg":"error Atoi func"}
{"file":"postgres.go: 38","func":"feedback/internal/database.NewPostgresGorm()","level":"info","msg":"Postgres Connection success:  localhost"}
{"file":"botSystem.go: 28","func":"feedback/internal/botSystem.RunBot()","level":"info","msg":"Authorized on account feedback_srv_bot"}
{"file":"feedbackPostgres.go: 32","func":"feedback/internal/database.(*FeedbackPostgres).GetCountryCities()","level":"info","msg":"\u0026{0xc00023aa20 \u003cnil\u003e 2 0xc0002381c0 0}"}
{"file":"botLogicCommands.go: 41","func":"feedback/internal/botSystem.ValidateResponseStatus()","level":"info","msg":"error Atoi func"}
{"file":"botLogicCommands.go: 41","func":"feedback/internal/botSystem.ValidateResponseStatus()","level":"info","msg":"error Atoi func"}
{"file":"postgres.go: 38","func":"feedback/internal/database.NewPostgresGorm()","level":"info","msg":"Postgres Connection success:  localhost"}
{"file":"botSystem.go: 28","func":"feedback/internal/botSystem.RunBot()","level":"info","msg":"Authorized on account feedback_srv_bot"}
{"file":"postgres.go: 38","func":"feedback/internal/database.NewPostgresGorm()","level":"info","msg":"Postgres Connection success:  localhost"}
{"file":"botSystem.go: 28","func":"feedback/internal/botSystem.RunBot()","level":"info","msg":"Authorized on account feedback_srv_bot"}
{"file":"feedbackPostgres.go: 32","func":"feedback/internal/database.(*FeedbackPostgres).GetCountryCities()","level":"info","msg":"\u0026{0xc00030a870 \u003cnil\u003e 2 0xc00034a000 0}"}
{"file":"feedbackPostgres.go: 32","func":"feedback/internal/database.(*FeedbackPostgres).GetCountryCities()","level":"info","msg":"\u0026{0xc00030aea0 \u003cnil\u003e 2 0xc00034a1c0 0}"}
{"file":"postgres.go: 38","func":"feedback/internal/database.NewPostgresGorm()","level":"info","msg":"Postgres Connection success:  localhost"}
{"file":"botSystem.go: 28","func":"feedback/internal/botSystem.RunBot()","level":"info","msg":"Authorized on account feedback_srv_bot"}
{"file":"feedbackPostgres.go: 52","func":"feedback/internal/database.(*FeedbackPostgres).GetAllFeedback()","level":"info","msg":"\u0026{0xc0001c0900 ОШИБКА: ошибка синтаксиса (примерное положение: \"FROM\") (SQLSTATE 42601) 0 0xc0001f4fc0 0}"}
{"file":"errResponse.go: 10","func":"feedback/internal/api/handlers.NewErrorResponse()","level":"info","msg":"internal error"}
{"file":"feedbackPostgres.go: 52","func":"feedback/internal/database.(*FeedbackPostgres).GetAllFeedback()","level":"info","msg":"\u0026{0xc0001c0900 ОШИБКА: ошибка синтаксиса (примерное положение: \"FROM\") (SQLSTATE 42601) 0 0xc0002861c0 0}"}
{"file":"errResponse.go: 10","func":"feedback/internal/api/handlers.NewErrorResponse()","level":"info","msg":"internal error"}
{"file":"postgres.go: 38","func":"feedback/internal/database.NewPostgresGorm()","level":"info","msg":"Postgres Connection success:  localhost"}
{"file":"botSystem.go: 28","func":"feedback/internal/botSystem.RunBot()","level":"info","msg":"Authorized on account feedback_srv_bot"}
{"file":"feedbackPostgres.go: 52","func":"feedback/internal/database.(*FeedbackPostgres).GetAllFeedback()","level":"info","msg":"\u0026{0xc0001c0750 ОШИБКА: ошибка синтаксиса (примерное положение: \"FROM\") (SQLSTATE 42601) 0 0xc0001f8540 0}"}
{"file":"errResponse.go: 10","func":"feedback/internal/api/handlers.NewErrorResponse()","level":"info","msg":"internal error"}
{"file":"postgres.go: 38","func":"feedback/internal/database.NewPostgresGorm()","level":"info","msg":"Postgres Connection success:  localhost"}
{"file":"botSystem.go: 25","func":"feedback/internal/botSystem.RunBot()","level":"fatal","msg":"Invalid token: Post \"https://api.telegram.org/bot5736734430:AAHaNHHWOjR4qN4Dqsp3X8fQROrM95xjrDw/getMe\": net/http: TLS handshake timeout"}
{"file":"postgres.go: 38","func":"feedback/internal/database.NewPostgresGorm()","level":"info","msg":"Postgres Connection success:  localhost"}
{"file":"botSystem.go: 28","func":"feedback/internal/botSystem.RunBot()","level":"info","msg":"Authorized on account feedback_srv_bot"}
{"file":"feedbackPostgres.go: 52","func":"feedback/internal/database.(*FeedbackPostgres).GetAllFeedback()","level":"info","msg":"\u0026{0xc0001c0750 ОШИБКА: ошибка синтаксиса (примерное положение: \"select\") (SQLSTATE 42601) 0 0xc0001f4540 0}"}
{"file":"errResponse.go: 10","func":"feedback/internal/api/handlers.NewErrorResponse()","level":"info","msg":"internal error"}
{"file":"postgres.go: 38","func":"feedback/internal/database.NewPostgresGorm()","level":"info","msg":"Postgres Connection success:  localhost"}
{"file":"botSystem.go: 28","func":"feedback/internal/botSystem.RunBot()","level":"info","msg":"Authorized on account feedback_srv_bot"}
{"file":"postgres.go: 38","func":"feedback/internal/database.NewPostgresGorm()","level":"info","msg":"Postgres Connection success:  localhost"}
{"file":"botSystem.go: 25","func":"feedback/internal/botSystem.RunBot()","level":"fatal","msg":"Invalid token: Post \"https://api.telegram.org/bot5736734430:AAHaNHHWOjR4qN4Dqsp3X8fQROrM95xjrDw/getMe\": dial tcp: lookup api.telegram.org: no such host"}
{"file":"postgres.go: 38","func":"feedback/internal/database.NewPostgresGorm()","level":"info","msg":"Postgres Connection success:  localhost"}
{"file":"botSystem.go: 25","func":"feedback/internal/botSystem.RunBot()","level":"fatal","msg":"Invalid token: Post \"https://api.telegram.org/bot5736734430:AAHaNHHWOjR4qN4Dqsp3X8fQROrM95xjrDw/getMe\": dial tcp: lookup api.telegram.org: no such host"}
{"file":"postgres.go: 38","func":"feedback/internal/database.NewPostgresGorm()","level":"info","msg":"Postgres Connection success:  localhost"}
{"file":"botSystem.go: 28","func":"feedback/internal/botSystem.RunBot()","level":"info","msg":"Authorized on account feedback_srv_bot"}
{"file":"feedbackPostgres.go: 60","func":"feedback/internal/database.(*FeedbackPostgres).SearchFeedbacks()","level":"info","msg":"\u0026{0xc0001c06c0 ОШИБКА: столбец \"user_phone\" не существует (SQLSTATE 42703) 0 0xc00007cfc0 0}"}
{"file":"errResponse.go: 10","func":"feedback/internal/api/handlers.NewErrorResponse()","level":"info","msg":"internal error"}
{"file":"postgres.go: 38","func":"feedback/internal/database.NewPostgresGorm()","level":"info","msg":"Postgres Connection success:  localhost"}
{"file":"botSystem.go: 28","func":"feedback/internal/botSystem.RunBot()","level":"info","msg":"Authorized on account feedback_srv_bot"}
{"file":"feedbackPostgres.go: 32","func":"feedback/internal/database.(*FeedbackPostgres).GetCountryCities()","level":"info","msg":"\u0026{0xc000174bd0 \u003cnil\u003e 2 0xc0001ac540 0}"}
